<?xml version="1.0" encoding="UTF-8"?>
<testsuite xmlns:xsi="http://www.w3.org/2001/XMLSchema-instance" xsi:noNamespaceSchemaLocation="https://maven.apache.org/surefire/maven-surefire-plugin/xsd/surefire-test-report.xsd" name="GameOfLifePresenterTests" time="0.041" tests="13" errors="0" skipped="0" failures="0">
  <properties>
[...]
</properties>
  <testcase name="getNewCellValue_DeadAndTwoLiveNeighbours_ReturnsZero" classname="GameOfLifePresenterTests" time="0.018"/>
  <testcase name="anyCellsALive_TwoAlive_ReturnsTrue" classname="GameOfLifePresenterTests" time="0.001"/>
  <testcase name="getNewCellValue_LiveAndOneLiveNeighbours_ReturnsZero" classname="GameOfLifePresenterTests" time="0.001"/>
  <testcase name="anyCellsALive_ZeroAlive_ReturnsFalse" classname="GameOfLifePresenterTests" time="0.002"/>
  <testcase name="getNewCellValue_DeadAndFourLiveNeighbours_ReturnsZero" classname="GameOfLifePresenterTests" time="0"/>
  <testcase name="getNewCellValue_LiveAndFourLiveNeighbours_ReturnsZero" classname="GameOfLifePresenterTests" time="0"/>
  <testcase name="anyCellsALive_OneAlive_ReturnsTrue" classname="GameOfLifePresenterTests" time="0"/>
  <testcase name="getNewCellValue_LiveAndTwoLiveNeighbours_ReturnsOne" classname="GameOfLifePresenterTests" time="0"/>
  <testcase name="countAliveNeighbours_AliveAndNoNeighbour_ReturnsZero" classname="GameOfLifePresenterTests" time="0.001"/>
  <testcase name="countAliveNeighbours_DeadAndThreeNeighbours_ReturnsThree" classname="GameOfLifePresenterTests" time="0.001"/>
  <testcase name="getNewCellValue_DeadAndThreeLiveNeighbours_ReturnsOne" classname="GameOfLifePresenterTests" time="0"/>
  <testcase name="countAliveNeighbours_AliveAndTwoNeighbours_ReturnsTwo" classname="GameOfLifePresenterTests" time="0"/>
  <testcase name="getNewCellValue_LiveAndThreeLiveNeighbours_ReturnsOne" classname="GameOfLifePresenterTests" time="0.001"/>
</testsuite>